# JRE version: OpenJDK Runtime Environment Temurin-17.0.8.1+1 (17.0.8.1+1) (build 17.0.8.1+1)
# Java VM: OpenJDK 64-Bit Server VM Temurin-17.0.8.1+1 (17.0.8.1+1, mixed mode, tiered, compressed oops, compressed class ptrs, g1 gc, windows-amd64)
GC Precious Log:
 CPUs: 8 total, 8 available
 Memory: 5965M
 Large Page Support: Disabled
 NUMA Support: Disabled
 Compressed Oops: Enabled (32-bit)
 Heap Region Size: 1M
 Heap Min Capacity: 8M
 Heap Initial Capacity: 94M
 Heap Max Capacity: 1492M
 Pre-touch: Disabled
 Parallel Workers: 8
 Concurrent Workers: 2
 Concurrent Refinement Workers: 8
 Periodic GC: Disabled
Heap:
 garbage-first heap   total 411648K, used 214631K [0x00000000a2c00000, 0x0000000100000000)
  region size 1024K, 12 young (12288K), 1 survivors (1024K)
 Metaspace       used 18638K, committed 18880K, reserved 1114112K
  class space    used 1849K, committed 1920K, reserved 1048576K
GC Heap History (20 events):
Event: 1.492 GC heap before
{Heap before GC invocations=23 (full 0):
 garbage-first heap   total 282624K, used 155863K [0x00000000a2c00000, 0x0000000100000000)
  region size 1024K, 4 young (4096K), 1 survivors (1024K)
 Metaspace       used 14867K, committed 15040K, reserved 1114112K
  class space    used 1455K, committed 1536K, reserved 1048576K
}
Event: 1.493 GC heap after
{Heap after GC invocations=24 (full 0):
 garbage-first heap   total 282624K, used 153826K [0x00000000a2c00000, 0x0000000100000000)
  region size 1024K, 1 young (1024K), 1 survivors (1024K)
 Metaspace       used 14867K, committed 15040K, reserved 1114112K
  class space    used 1455K, committed 1536K, reserved 1048576K
}
Event: 1.502 GC heap before
{Heap before GC invocations=25 (full 0):
 garbage-first heap   total 282624K, used 157922K [0x00000000a2c00000, 0x0000000100000000)
  region size 1024K, 4 young (4096K), 1 survivors (1024K)
 Metaspace       used 14869K, committed 15040K, reserved 1114112K
  class space    used 1456K, committed 1536K, reserved 1048576K
}
Event: 1.503 GC heap after
{Heap after GC invocations=26 (full 0):
 garbage-first heap   total 332800K, used 155869K [0x00000000a2c00000, 0x0000000100000000)
  region size 1024K, 1 young (1024K), 1 survivors (1024K)
 Metaspace       used 14869K, committed 15040K, reserved 1114112K
  class space    used 1456K, committed 1536K, reserved 1048576K
}
Event: 1.514 GC heap before
{Heap before GC invocations=27 (full 0):
 garbage-first heap   total 332800K, used 159965K [0x00000000a2c00000, 0x0000000100000000)
  region size 1024K, 4 young (4096K), 1 survivors (1024K)
 Metaspace       used 14869K, committed 15040K, reserved 1114112K
  class space    used 1456K, committed 1536K, reserved 1048576K
}
Event: 1.514 GC heap after
{Heap after GC invocations=28 (full 0):
 garbage-first heap   total 332800K, used 157922K [0x00000000a2c00000, 0x0000000100000000)
  region size 1024K, 1 young (1024K), 1 survivors (1024K)
 Metaspace       used 14869K, committed 15040K, reserved 1114112K
  class space    used 1456K, committed 1536K, reserved 1048576K
}
Event: 1.526 GC heap before
{Heap before GC invocations=29 (full 0):
 garbage-first heap   total 332800K, used 162018K [0x00000000a2c00000, 0x0000000100000000)
  region size 1024K, 4 young (4096K), 1 survivors (1024K)
 Metaspace       used 14869K, committed 15040K, reserved 1114112K
  class space    used 1456K, committed 1536K, reserved 1048576K
}
Event: 1.526 GC heap after
{Heap after GC invocations=30 (full 0):
 garbage-first heap   total 332800K, used 159969K [0x00000000a2c00000, 0x0000000100000000)
  region size 1024K, 1 young (1024K), 1 survivors (1024K)
 Metaspace       used 14869K, committed 15040K, reserved 1114112K
  class space    used 1456K, committed 1536K, reserved 1048576K
}
Event: 1.536 GC heap before
{Heap before GC invocations=31 (full 0):
 garbage-first heap   total 332800K, used 164065K [0x00000000a2c00000, 0x0000000100000000)
  region size 1024K, 4 young (4096K), 1 survivors (1024K)
 Metaspace       used 14869K, committed 15040K, reserved 1114112K
  class space    used 1456K, committed 1536K, reserved 1048576K
}
Event: 1.537 GC heap after
{Heap after GC invocations=32 (full 0):
 garbage-first heap   total 332800K, used 162024K [0x00000000a2c00000, 0x0000000100000000)
  region size 1024K, 1 young (1024K), 1 survivors (1024K)
 Metaspace       used 14869K, committed 15040K, reserved 1114112K
  class space    used 1456K, committed 1536K, reserved 1048576K
}
Event: 1.547 GC heap before
{Heap before GC invocations=33 (full 0):
 garbage-first heap   total 332800K, used 166120K [0x00000000a2c00000, 0x0000000100000000)
  region size 1024K, 4 young (4096K), 1 survivors (1024K)
 Metaspace       used 14869K, committed 15040K, reserved 1114112K
  class space    used 1456K, committed 1536K, reserved 1048576K
}
Event: 1.587 GC heap after
{Heap after GC invocations=34 (full 0):
 garbage-first heap   total 411648K, used 164077K [0x00000000a2c00000, 0x0000000100000000)
  region size 1024K, 1 young (1024K), 1 survivors (1024K)
 Metaspace       used 14869K, committed 15040K, reserved 1114112K
  class space    used 1456K, committed 1536K, reserved 1048576K
}
Event: 1.748 GC heap before
{Heap before GC invocations=34 (full 0):
 garbage-first heap   total 411648K, used 200941K [0x00000000a2c00000, 0x0000000100000000)
  region size 1024K, 19 young (19456K), 1 survivors (1024K)
 Metaspace       used 15456K, committed 15616K, reserved 1114112K
  class space    used 1512K, committed 1600K, reserved 1048576K
}
Event: 1.749 GC heap after
{Heap after GC invocations=35 (full 0):
 garbage-first heap   total 411648K, used 183620K [0x00000000a2c00000, 0x0000000100000000)
  region size 1024K, 1 young (1024K), 1 survivors (1024K)
 Metaspace       used 15456K, committed 15616K, reserved 1114112K
  class space    used 1512K, committed 1600K, reserved 1048576K
}
Event: 1.777 GC heap before
{Heap before GC invocations=35 (full 0):
 garbage-first heap   total 411648K, used 192836K [0x00000000a2c00000, 0x0000000100000000)
  region size 1024K, 6 young (6144K), 1 survivors (1024K)
 Metaspace       used 15466K, committed 15616K, reserved 1114112K
  class space    used 1512K, committed 1600K, reserved 1048576K
}
Event: 1.778 GC heap after
{Heap after GC invocations=36 (full 0):
 garbage-first heap   total 411648K, used 188766K [0x00000000a2c00000, 0x0000000100000000)
  region size 1024K, 1 young (1024K), 1 survivors (1024K)
 Metaspace       used 15466K, committed 15616K, reserved 1114112K
  class space    used 1512K, committed 1600K, reserved 1048576K
}
Event: 1.795 GC heap before
{Heap before GC invocations=37 (full 0):
 garbage-first heap   total 411648K, used 197982K [0x00000000a2c00000, 0x0000000100000000)
  region size 1024K, 6 young (6144K), 1 survivors (1024K)
 Metaspace       used 15478K, committed 15616K, reserved 1114112K
  class space    used 1512K, committed 1600K, reserved 1048576K
}
Event: 1.796 GC heap after
{Heap after GC invocations=38 (full 0):
 garbage-first heap   total 411648K, used 193908K [0x00000000a2c00000, 0x0000000100000000)
  region size 1024K, 1 young (1024K), 1 survivors (1024K)
 Metaspace       used 15478K, committed 15616K, reserved 1114112K
  class space    used 1512K, committed 1600K, reserved 1048576K
}
Event: 1.939 GC heap before
{Heap before GC invocations=39 (full 0):
 garbage-first heap   total 411648K, used 206196K [0x00000000a2c00000, 0x0000000100000000)
  region size 1024K, 9 young (9216K), 1 survivors (1024K)
 Metaspace       used 16671K, committed 16896K, reserved 1114112K
  class space    used 1679K, committed 1792K, reserved 1048576K
}
Event: 1.940 GC heap after
{Heap after GC invocations=40 (full 0):
 garbage-first heap   total 411648K, used 199271K [0x00000000a2c00000, 0x0000000100000000)
  region size 1024K, 1 young (1024K), 1 survivors (1024K)
 Metaspace       used 16671K, committed 16896K, reserved 1114112K
  class space    used 1679K, committed 1792K, reserved 1048576K
}

